2023-03-20 16:03:36,723 INFO using config /Users/alessiogandelli/Library/Application Support/twarc/config
2023-03-20 16:03:36,723 INFO creating HTTP session headers for app auth.
2023-03-20 16:03:36,786 INFO getting ('https://api.twitter.com/2/tweets/search/recent',) {'params': {'expansions': 'author_id,in_reply_to_user_id,referenced_tweets.id,referenced_tweets.id.author_id,entities.mentions.username,attachments.poll_ids,attachments.media_keys,geo.place_id,edit_history_tweet_ids', 'tweet.fields': 'attachments,author_id,context_annotations,conversation_id,created_at,entities,geo,id,in_reply_to_user_id,lang,public_metrics,text,possibly_sensitive,referenced_tweets,reply_settings,source,withheld,edit_controls,edit_history_tweet_ids', 'user.fields': 'created_at,description,entities,id,location,name,pinned_tweet_id,profile_image_url,protected,public_metrics,url,username,verified,withheld', 'media.fields': 'alt_text,duration_ms,height,media_key,preview_image_url,type,url,width,variants,public_metrics', 'poll.fields': 'duration_minutes,end_datetime,id,options,voting_status', 'place.fields': 'contained_within,country,country_code,full_name,geo,id,name,place_type', 'start_time': None, 'end_time': None, 'query': '#socialscience', 'max_results': 100}}
2023-03-20 16:03:38,750 INFO archived 1637831562543677440,1637820529594843139,1637818317594406912,1637781846623768578,1637778479126048768,1637778189236699136,1637771281318682630,1637770255996014592,1637767976001712129,1637767582588469255,1637766044264673286,1637762538468261890,1637761947406938113,1637757060598177792,1637755974873227265,1637753524804108292,1637751559843991559,1637751039037251589,1637750547976519680,1637747900733333506,1637747282463399937,1637744769894850560,1637742982001487875,1637740657505624064,1637739198915686400,1637738965091459072,1637738382544576513,1637737467779448832,1637683542380388356,1637596009474715648,1637581969470156802,1637486823298715648,1637467637205663744,1637458998289997827,1637458279621181440,1637447995661639680,1637439909605658629,1637433843161477120,1637423704903671808,1637418418524545024,1637417075068076033,1637397508442693632,1637374131745304579,1637369618648932352,1637210686949318660,1637151179242176512,1637095303034617856,1637061406825623557,1637057771324538881,1637053736907317249,1637043019663781888,1637018730885697541,1637016857566941184,1636960149880356864,1636885379273089024,1636885301548179456,1636826504058507264,1636813811364577280,1636810309267488769,1636806961634131984,1636806213605130258,1636800330812751885,1636792011347853315,1636789383306018823,1636788370419646464,1636787998745575424,1636787615872458752,1636779936324239385,1636777438377025536,1636768905116123136,1636766311174012929,1636764267226730496,1636758246504423425,1636758162748342273,1636754957725491200,1636750145936039938,1636745186729656322,1636743707666837504,1636740331902255108,1636737567293943809,1636729281169575938,1636722131823214593,1636722024549699585,1636716511078277122,1636704428521668608,1636699059854487554,1636669166940741632,1636669065073754112,1636668970840276992,1636668825608265730,1636654334598422533,1636653478234804225,1636644122042744833,1636643705321930754,1636619656357380102,1636615362774028289,1636615245312475136
2023-03-20 16:03:38,751 INFO getting ('https://api.twitter.com/2/tweets/search/recent',) {'params': {'expansions': 'author_id,in_reply_to_user_id,referenced_tweets.id,referenced_tweets.id.author_id,entities.mentions.username,attachments.poll_ids,attachments.media_keys,geo.place_id,edit_history_tweet_ids', 'tweet.fields': 'attachments,author_id,context_annotations,conversation_id,created_at,entities,geo,id,in_reply_to_user_id,lang,public_metrics,text,possibly_sensitive,referenced_tweets,reply_settings,source,withheld,edit_controls,edit_history_tweet_ids', 'user.fields': 'created_at,description,entities,id,location,name,pinned_tweet_id,profile_image_url,protected,public_metrics,url,username,verified,withheld', 'media.fields': 'alt_text,duration_ms,height,media_key,preview_image_url,type,url,width,variants,public_metrics', 'poll.fields': 'duration_minutes,end_datetime,id,options,voting_status', 'place.fields': 'contained_within,country,country_code,full_name,geo,id,name,place_type', 'start_time': None, 'end_time': None, 'query': '#socialscience', 'max_results': 100, 'next_token': 'b26v89c19zqg8o3fqka1fdapflv6lldjrjrg6gbqlt0u5'}}
2023-03-20 16:03:40,948 INFO archived 1636604472292941824,1636600194073608192,1636599273759309824,1636572154874540032,1636570221418012673,1636547075520299010,1636498628368908289,1636465640327225346,1636436997618188317,1636429052230680588,1636399881790144514,1636381895847211016,1636375570706755585,1636374980488486912,1636358262466412544,1636355839241093122,1636355759490383872,1636331291703492609,1636326721392902144,1636311222332039168,1636311002848321539,1636310583157850112,1636310495199100929,1636283105219584002,1636282847072854016,1636276615255851009,1636269578182438913,1636265225363021824,1636256119927578624,1636243412260093952,1636242097933111297,1636208921625985025,1636148373190311936,1636127674115702784,1636117505314811904,1636109080946155520,1636107615997505538,1636104991655043074,1636076659383185421,1636071225922338822,1636045337147342848,1636034865211785221,1636021659542110209,1636010629717696513,1635988011841191936,1635978404590768130,1635954628847345667,1635946441221758977,1635943382097833988,1635938417253949442,1635938154350821380,1635937549305753602,1635918830731157505,1635914517610635265,1635914102529830912,1635896032235061249,1635888246629732353,1635879838140747777,1635852384042713088,1635849551218343936,1635849436017328128,1635840790198108160,1635839915106906112,1635833284310466560,1635830150896943104,1635785189988225024,1635773560420544515,1635733626020134932,1635719834679001088,1635700723923968000,1635687240276799488,1635683453512425474,1635659529227517954,1635659384645623808,1635621352152481792,1635620045031358467,1635615945128398848,1635615520539176961,1635614927577665538,1635614868299456514,1635588405181464576,1635588010333945856,1635585101336842240,1635584066891427840,1635583605442322432,1635582221376528386,1635577305840906240,1635577198160625664,1635577103209963520,1635568240813285376,1635472415533989888,1635469776884572163,1635350876637495297,1635342235012300800,1635336288583946240,1635321149931552768,1635313262639329281,1635311373524811777,1635298824175468544,1635298420108955650
2023-03-20 16:03:40,949 INFO No more results for search #socialscience.
2023-03-20 17:13:42,880 INFO using config /Users/alessiogandelli/Library/Application Support/twarc/config
2023-03-20 17:13:42,880 INFO creating HTTP session headers for app auth.
2023-03-20 17:13:42,904 INFO connecting to stream https://api.twitter.com/2/tweets/sample/stream
2023-03-20 17:13:42,910 INFO getting ('https://api.twitter.com/2/tweets/sample/stream',) {'params': {'expansions': 'author_id,in_reply_to_user_id,referenced_tweets.id,referenced_tweets.id.author_id,entities.mentions.username,attachments.poll_ids,attachments.media_keys,geo.place_id,edit_history_tweet_ids', 'tweet.fields': 'attachments,author_id,context_annotations,conversation_id,created_at,entities,geo,id,in_reply_to_user_id,lang,public_metrics,text,possibly_sensitive,referenced_tweets,reply_settings,source,withheld,edit_controls,edit_history_tweet_ids', 'user.fields': 'created_at,description,entities,id,location,name,pinned_tweet_id,profile_image_url,protected,public_metrics,url,username,verified,withheld', 'media.fields': 'alt_text,duration_ms,height,media_key,preview_image_url,type,url,width,variants,public_metrics', 'poll.fields': 'duration_minutes,end_datetime,id,options,voting_status', 'place.fields': 'contained_within,country,country_code,full_name,geo,id,name,place_type'}, 'stream': True}
2023-03-20 17:13:47,759 INFO archived 1637849908647452677
2023-03-20 17:13:47,760 INFO archived 1637849908672692229
2023-03-20 17:13:47,762 INFO archived 1637849908681089026
2023-03-20 17:13:47,763 INFO archived 1637849908660281344
2023-03-20 17:13:47,764 INFO archived 1637849908672618496
2023-03-20 17:13:47,764 INFO archived 1637849908668682242
2023-03-20 17:13:47,765 INFO archived 1637849908668424207
2023-03-20 17:13:47,766 INFO archived 1637849908647477248
2023-03-20 17:13:47,863 INFO archived 1637849908672864258
2023-03-20 17:13:47,864 INFO archived 1637849908672712704
2023-03-20 17:13:47,865 INFO archived 1637849908676898816
2023-03-20 17:13:47,866 INFO archived 1637849908651732994
2023-03-20 17:13:47,868 INFO archived 1637849908668661763
2023-03-20 17:13:47,869 INFO archived 1637849891882819587
2023-03-20 17:13:47,870 INFO archived 1637849908664504321
2023-03-20 17:13:47,871 INFO archived 1637849908647534596
2023-03-20 17:13:47,872 INFO archived 1637849900271427590
2023-03-20 17:13:47,873 INFO archived 1637849908647698432
2023-03-20 17:13:47,873 INFO archived 1637849908651892737
2023-03-20 17:13:47,874 INFO archived 1637849908672700418
2023-03-20 17:13:47,875 INFO archived 1637849908660277251
2023-03-20 17:13:47,875 INFO archived 1637849908672860162
2023-03-20 17:13:47,876 INFO archived 1637849908651921408
2023-03-20 17:13:47,877 INFO archived 1637849908664311809
2023-03-20 17:13:47,877 INFO archived 1637849908676886529
2023-03-20 17:13:47,878 INFO archived 1637849908672884736
2023-03-20 17:13:47,878 INFO archived 1637849908676886528
2023-03-20 17:13:47,879 INFO archived 1637849908676907010
2023-03-20 17:13:47,888 INFO archived 1637849908660035589
2023-03-20 17:13:47,889 INFO archived 1637849908672868353
2023-03-20 17:13:47,890 INFO archived 1637849908677083136
2023-03-20 17:13:47,891 INFO archived 1637849908651671555
2023-03-20 17:13:47,892 INFO archived 1637849904448954371
2023-03-20 17:13:47,943 INFO archived 1637849908647534595
2023-03-20 17:13:47,944 INFO archived 1637849896068734976
2023-03-20 17:13:47,944 INFO archived 1637849900254650373
2023-03-20 17:13:47,945 INFO archived 1637849908647546881
2023-03-20 17:13:47,946 INFO archived 1637849908681265152
2023-03-20 17:13:47,946 INFO archived 1637849908643282948
2023-03-20 17:13:47,947 INFO archived 1637849908677050368
2023-03-20 17:13:47,948 INFO archived 1637849908664229898
2023-03-20 17:13:47,951 INFO archived 1637849904449028099
2023-03-20 17:13:47,952 INFO archived 1637849908672864257
2023-03-20 17:13:47,952 INFO archived 1637849908676902913
2023-03-20 17:13:47,953 INFO archived 1637849904453222400
2023-03-20 17:13:47,954 INFO archived 1637849904486952965
2023-03-20 17:13:47,955 INFO archived 1637849908651884544
2023-03-20 17:13:47,956 INFO archived 1637849904461803522
2023-03-20 17:13:47,957 INFO archived 1637849908647727106
2023-03-20 17:13:47,958 INFO archived 1637849908681244674
2023-03-20 17:13:47,960 INFO archived 1637849908651905024
2023-03-20 17:13:47,961 INFO archived 1637849904469925888
2023-03-20 17:13:47,961 INFO archived 1637849908681089025
2023-03-20 17:13:47,971 INFO archived 1637849908668399619
2023-03-20 17:13:47,972 INFO archived 1637849908672872450
2023-03-20 17:13:47,978 INFO archived 1637849891904040961
2023-03-20 17:13:47,981 INFO archived 1637849908647534598
2023-03-20 17:13:47,988 INFO archived 1637849891887280128
2023-03-20 17:13:47,989 INFO archived 1637849908647456768
2023-03-20 17:13:47,993 INFO archived 1637849908681031681
2023-03-20 17:13:47,995 INFO archived 1637849908668424204
2023-03-20 17:13:48,791 INFO archived 1637849912837836801
2023-03-20 17:13:48,793 INFO archived 1637849912841756684
2023-03-20 17:13:48,794 INFO archived 1637849912854429696
2023-03-20 17:13:48,795 INFO archived 1637849912850239490
2023-03-20 17:13:48,795 INFO archived 1637849912850399234
2023-03-20 17:13:48,796 INFO archived 1637849912850395136
2023-03-20 17:13:48,796 INFO archived 1637849912871116806
2023-03-20 17:13:48,797 INFO archived 1637849912875565057
2023-03-20 17:13:48,804 INFO archived 1637849912858509321
2023-03-20 17:13:48,811 INFO archived 1637849912875581446
2023-03-20 17:13:48,811 INFO archived 1637849912850149377
2023-03-20 17:13:48,922 INFO archived 1637849912841850885
2023-03-20 17:13:48,923 INFO archived 1637849912875548677
2023-03-20 17:13:48,924 INFO archived 1637849912862994434
2023-03-20 17:13:48,926 INFO archived 1637849912846032898
2023-03-20 17:13:48,927 INFO archived 1637849912867164160
2023-03-20 17:13:48,928 INFO archived 1637849912841998336
2023-03-20 17:13:48,929 INFO archived 1637849912866922508
2023-03-20 17:13:48,930 INFO archived 1637849912841756672
2023-03-20 17:13:48,931 INFO archived 1637849912846221312
2023-03-20 17:13:48,932 INFO archived 1637849912858775552
2023-03-20 17:13:48,943 INFO archived 1637849912858779652
2023-03-20 17:13:48,946 INFO archived 1637849912858533891
2023-03-20 17:13:48,947 INFO archived 1637849912866922501
2023-03-20 17:13:48,948 INFO archived 1637849912850231297
2023-03-20 17:13:48,948 INFO archived 1637849912837545984
2023-03-20 17:13:48,955 INFO archived 1637849912850239492
2023-03-20 17:13:48,956 INFO archived 1637849912841756675
2023-03-20 17:13:48,957 INFO archived 1637849912850145289
2023-03-20 17:13:48,957 INFO archived 1637849912837804032
2023-03-20 17:13:48,958 INFO archived 1637849912871362560
2023-03-20 17:13:48,958 INFO archived 1637849912871092225
2023-03-20 17:13:48,959 INFO archived 1637849912845950978
2023-03-20 17:13:48,959 INFO archived 1637849912866922510
2023-03-20 17:13:48,962 INFO archived 1637849912858517506
2023-03-20 17:13:48,963 INFO archived 1637849912845950980
2023-03-20 17:13:48,964 INFO archived 1637849912846192640
2023-03-20 17:13:48,965 INFO archived 1637849912858779653
2023-03-20 17:13:48,970 INFO archived 1637849912875565056
2023-03-20 17:13:48,970 INFO archived 1637849912854339584
2023-03-20 17:13:48,973 INFO archived 1637849912866906113
2023-03-20 17:13:48,974 INFO archived 1637849912841846784
2023-03-20 17:13:48,975 INFO archived 1637849912871202818
2023-03-20 17:13:48,976 INFO archived 1637849912842018818
2023-03-20 17:13:48,977 INFO archived 1637849912837808130
2023-03-20 17:13:48,978 INFO archived 1637849912842010624
2023-03-20 17:13:48,978 INFO archived 1637849912858533892
2023-03-20 17:13:48,979 INFO archived 1637849912850231296
2023-03-20 17:13:48,979 INFO archived 1637849912850219012
2023-03-20 17:13:48,980 INFO archived 1637849912862818311
2023-03-20 17:13:48,980 INFO archived 1637849912867016706
2023-03-20 17:13:48,988 INFO archived 1637849912850382848
2023-03-20 17:13:48,989 INFO archived 1637849912875315200
2023-03-20 17:13:48,993 INFO archived 1637849912875311114
2023-03-20 17:13:49,053 INFO archived 1637849912875311104
2023-03-20 17:13:49,068 INFO archived 1637849912837812225
2023-03-20 17:13:49,172 INFO archived 1637849912871141379
2023-03-20 17:13:49,737 INFO archived 1637849917061210113
2023-03-20 17:13:49,843 INFO archived 1637849917065396225
2023-03-20 17:13:49,845 INFO archived 1637849912837648384
2023-03-20 17:13:49,847 INFO archived 1637849917061316608
2023-03-20 17:13:49,871 INFO archived 1637849912842027013
2023-03-20 17:13:49,873 INFO archived 1637849917036064770
2023-03-20 17:13:49,893 INFO archived 1637849917053095937
2023-03-20 17:13:49,894 INFO archived 1637849917044449286
2023-03-20 17:13:49,895 INFO archived 1637849917057306624
2023-03-20 17:13:49,896 INFO archived 1637849917036310528
2023-03-20 17:13:49,905 INFO archived 1637849917053108226
2023-03-20 17:13:49,906 INFO archived 1637849917057118209
2023-03-20 17:13:49,917 INFO archived 1637849917048717314
2023-03-20 17:13:49,918 INFO archived 1637849917048885248
2023-03-20 17:13:49,918 INFO archived 1637849917044723712
2023-03-20 17:13:49,919 INFO archived 1637849917069615105
2023-03-20 17:13:49,922 INFO archived 1637849917052841986
2023-03-20 17:13:49,922 INFO archived 1637849917040254989
2023-03-20 17:13:49,924 INFO archived 1637849917048918016
2023-03-20 17:13:49,943 INFO archived 1637849917057032192
2023-03-20 17:13:49,944 INFO archived 1637849917032124417
2023-03-20 17:13:49,946 INFO archived 1637849917036036096
2023-03-20 17:13:49,946 INFO archived 1637849917069881344
2023-03-20 17:13:49,947 INFO archived 1637849912837816323
2023-03-20 17:13:49,948 INFO archived 1637849917031960576
2023-03-20 17:13:49,949 INFO archived 1637849917044539392
2023-03-20 17:13:49,950 INFO archived 1637849917036085248
2023-03-20 17:13:49,951 INFO archived 1637849917044449280
2023-03-20 17:13:49,954 INFO archived 1637849917057114114
2023-03-20 17:13:49,955 INFO archived 1637849917065674754
2023-03-20 17:13:49,963 INFO archived 1637849917065494528
2023-03-20 17:13:49,968 INFO archived 1637849917057118208
2023-03-20 17:13:49,968 INFO archived 1637849917069852673
2023-03-20 17:13:49,969 INFO archived 1637849912854429700
2023-03-20 17:13:49,970 INFO archived 1637849917061210114
2023-03-20 17:13:49,971 INFO archived 1637849917048627201
2023-03-20 17:13:49,971 INFO archived 1637849917069852672
2023-03-20 17:13:49,972 INFO archived 1637849917040254981
2023-03-20 17:13:49,973 INFO archived 1637849917048905731
2023-03-20 17:13:49,974 INFO archived 1637849917044711425
2023-03-20 17:13:49,975 INFO archived 1637849917044686849
2023-03-20 17:13:49,975 INFO archived 1637849917031870468
2023-03-20 17:13:49,976 INFO archived 1637849917040521216
2023-03-20 17:13:49,977 INFO archived 1637849917032108032
2023-03-20 17:13:50,009 INFO archived 1637849917061496833
2023-03-20 17:13:50,013 INFO archived 1637849917061300226
2023-03-20 17:13:50,018 INFO archived 1637849917057015811
2023-03-20 17:13:50,020 INFO archived 1637849917036322817
2023-03-20 17:13:51,055 INFO archived 1637849921226432512
2023-03-20 17:13:51,058 INFO archived 1637849921251606534
2023-03-20 17:13:51,059 INFO archived 1637849921255792642
2023-03-20 17:13:51,059 INFO archived 1637849921255792641
2023-03-20 17:13:51,062 INFO archived 1637849917048647680
2023-03-20 17:13:51,063 INFO archived 1637849921234833408
2023-03-20 17:13:51,064 INFO archived 1637849921238753292
2023-03-20 17:13:51,064 INFO archived 1637849917061320704
2023-03-20 17:13:51,065 INFO archived 1637849921238835201
2023-03-20 17:13:51,065 INFO archived 1637849921238753281
2023-03-20 17:13:51,066 INFO archived 1637849921242972161
2023-03-20 17:13:51,066 INFO archived 1637849921259814914
2023-03-20 17:13:51,067 INFO archived 1637849921259798528
2023-03-20 17:13:51,068 INFO archived 1637849921247416320
2023-03-20 17:13:51,069 INFO archived 1637849921251577856
2023-03-20 17:13:51,069 INFO archived 1637849921247404035
2023-03-20 17:13:51,069 INFO archived 1637849921242947591
2023-03-20 17:13:51,070 INFO archived 1637849921251602434
2023-03-20 17:13:51,071 INFO archived 1637849921226170371
2023-03-20 17:13:51,072 INFO archived 1637849921234632704
2023-03-20 17:13:51,072 INFO archived 1637849921243197441
2023-03-20 17:13:51,073 INFO archived 1637849921255780352
2023-03-20 17:13:51,073 INFO archived 1637849921259708418
2023-03-20 17:13:51,074 INFO archived 1637849921234640898
2023-03-20 17:13:51,075 INFO archived 1637849921234640897
2023-03-20 17:13:51,076 INFO archived 1637849921243037697
2023-03-20 17:13:51,077 INFO archived 1637849921247232000
2023-03-20 17:13:51,077 INFO archived 1637849921239003136
2023-03-20 17:13:51,078 INFO archived 1637849921226412037
2023-03-20 17:13:51,079 INFO archived 1637849921255616512
2023-03-20 17:13:51,079 INFO archived 1637849921230364690
2023-03-20 17:13:51,080 INFO archived 1637849921234817025
2023-03-20 17:13:51,082 INFO archived 1637849921247166464
2023-03-20 17:13:51,086 INFO archived 1637849921247395841
2023-03-20 17:13:51,086 INFO stopping response stream
